0 info it worked if it ends with ok
1 verbose cli [ '/Users/jgotta/.nvm/versions/node/v6.9.0/bin/node',
1 verbose cli   '/Users/jgotta/.nvm/versions/node/v6.9.0/bin/npm',
1 verbose cli   'run',
1 verbose cli   'watch:library' ]
2 info using npm@3.10.8
3 info using node@v6.9.0
4 verbose run-script [ 'prewatch:library', 'watch:library', 'postwatch:library' ]
5 info lifecycle fabric8-analysis-dep-editor@0.0.0-development~prewatch:library: fabric8-analysis-dep-editor@0.0.0-development
6 silly lifecycle fabric8-analysis-dep-editor@0.0.0-development~prewatch:library: no script for prewatch:library, continuing
7 info lifecycle fabric8-analysis-dep-editor@0.0.0-development~watch:library: fabric8-analysis-dep-editor@0.0.0-development
8 verbose lifecycle fabric8-analysis-dep-editor@0.0.0-development~watch:library: unsafe-perm in lifecycle true
9 verbose lifecycle fabric8-analysis-dep-editor@0.0.0-development~watch:library: PATH: /Users/jgotta/.nvm/versions/node/v6.9.0/lib/node_modules/npm/bin/node-gyp-bin:/Users/jgotta/ws/forks/fabric8-analytics-dep-editor/node_modules/.bin:/Users/jgotta/.nvm/versions/node/v6.9.0/bin:/usr/local/opt/coreutils/libexec/gnubin:/usr/local/bin:/usr/local/bin:/usr/bin:/bin:/usr/sbin:/sbin:/usr/local/munki:/usr/local/go/bin:/usr/local/bin:/Users/jgotta/Library/Python/3.6/bin:/Users/jgotta/ws/forks/fabric8-analytics-stack-report-ui/node_modules/protractor/node_modules/webdriver-manager/selenium
10 verbose lifecycle fabric8-analysis-dep-editor@0.0.0-development~watch:library: CWD: /Users/jgotta/ws/forks/fabric8-analytics-dep-editor
11 silly lifecycle fabric8-analysis-dep-editor@0.0.0-development~watch:library: Args: [ '-c', 'gulp watch' ]
12 silly lifecycle fabric8-analysis-dep-editor@0.0.0-development~watch:library: Returned: code: 1  signal: null
13 info lifecycle fabric8-analysis-dep-editor@0.0.0-development~watch:library: Failed to exec watch:library script
14 verbose stack Error: fabric8-analysis-dep-editor@0.0.0-development watch:library: `gulp watch`
14 verbose stack Exit status 1
14 verbose stack     at EventEmitter.<anonymous> (/Users/jgotta/.nvm/versions/node/v6.9.0/lib/node_modules/npm/lib/utils/lifecycle.js:255:16)
14 verbose stack     at emitTwo (events.js:106:13)
14 verbose stack     at EventEmitter.emit (events.js:191:7)
14 verbose stack     at ChildProcess.<anonymous> (/Users/jgotta/.nvm/versions/node/v6.9.0/lib/node_modules/npm/lib/utils/spawn.js:40:14)
14 verbose stack     at emitTwo (events.js:106:13)
14 verbose stack     at ChildProcess.emit (events.js:191:7)
14 verbose stack     at maybeClose (internal/child_process.js:877:16)
14 verbose stack     at Process.ChildProcess._handle.onexit (internal/child_process.js:226:5)
15 verbose pkgid fabric8-analysis-dep-editor@0.0.0-development
16 verbose cwd /Users/jgotta/ws/forks/fabric8-analytics-dep-editor
17 error Darwin 17.4.0
18 error argv "/Users/jgotta/.nvm/versions/node/v6.9.0/bin/node" "/Users/jgotta/.nvm/versions/node/v6.9.0/bin/npm" "run" "watch:library"
19 error node v6.9.0
20 error npm  v3.10.8
21 error code ELIFECYCLE
22 error fabric8-analysis-dep-editor@0.0.0-development watch:library: `gulp watch`
22 error Exit status 1
23 error Failed at the fabric8-analysis-dep-editor@0.0.0-development watch:library script 'gulp watch'.
23 error Make sure you have the latest version of node.js and npm installed.
23 error If you do, this is most likely a problem with the fabric8-analysis-dep-editor package,
23 error not with npm itself.
23 error Tell the author that this fails on your system:
23 error     gulp watch
23 error You can get information on how to open an issue for this project with:
23 error     npm bugs fabric8-analysis-dep-editor
23 error Or if that isn't available, you can get their info via:
23 error     npm owner ls fabric8-analysis-dep-editor
23 error There is likely additional logging output above.
24 verbose exit [ 1, true ]
